#
# A fatal error has been detected by the Java Runtime Environment:
#
#  EXCEPTION_ACCESS_VIOLATION (0xc0000005) at pc=0x00007ffc234e8480, pid=9104, tid=6136
#
# JRE version: OpenJDK Runtime Environment Temurin-21.0.6+7 (21.0.6+7) (build 21.0.6+7-LTS)
# Java VM: OpenJDK 64-Bit Server VM Temurin-21.0.6+7 (21.0.6+7-LTS, mixed mode, sharing, tiered, compressed oops, compressed class ptrs, parallel gc, windows-amd64)
# Problematic frame:
# V  [jvm.dll+0x6d8480]
#
# No core dump will be written. Minidumps are not enabled by default on client versions of Windows
#
# If you would like to submit a bug report, please visit:
#   https://github.com/adoptium/adoptium-support/issues
#

---------------  S U M M A R Y ------------

Command Line: --add-modules=ALL-SYSTEM --add-opens=java.base/java.util=ALL-UNNAMED --add-opens=java.base/java.lang=ALL-UNNAMED --add-opens=java.base/sun.nio.fs=ALL-UNNAMED -Declipse.application=org.eclipse.jdt.ls.core.id1 -Dosgi.bundles.defaultStartLevel=4 -Declipse.product=org.eclipse.jdt.ls.core.product -Djava.import.generatesMetadataFilesAtProjectRoot=false -DDetectVMInstallationsJob.disabled=true -Dfile.encoding=utf8 -XX:+UseParallelGC -XX:GCTimeRatio=4 -XX:AdaptiveSizePolicyWeight=90 -Dsun.zip.disableMemoryMapping=true -Xmx1G -Xms100m -Xlog:disable -javaagent:c:\Users\DAYANA\.vscode\extensions\redhat.java-1.41.1-win32-x64\lombok\lombok-1.18.36.jar -XX:+HeapDumpOnOutOfMemoryError -XX:HeapDumpPath=c:\Users\DAYANA\AppData\Roaming\Code\User\workspaceStorage\d00461c4e03b34ac6bee19f1a4ea0c3f\redhat.java -Daether.dependencyCollector.impl=bf c:\Users\DAYANA\.vscode\extensions\redhat.java-1.41.1-win32-x64\server\plugins\org.eclipse.equinox.launcher_1.7.0.v20250331-1702.jar -configuration c:\Users\DAYANA\AppData\Roaming\Code\User\globalStorage\redhat.java\1.41.1\config_win -data c:\Users\DAYANA\AppData\Roaming\Code\User\workspaceStorage\d00461c4e03b34ac6bee19f1a4ea0c3f\redhat.java\jdt_ws --pipe=\\.\pipe\lsp-617d7a2d468902aa7d8cef8504b9c32a-sock

Host: Intel(R) Core(TM) i3-4030U CPU @ 1.90GHz, 4 cores, 3G,  Windows 10 , 64 bit Build 19041 (10.0.19041.5794)
Time: Wed May 14 21:48:56 2025 Hora est. Pacífico, Sudamérica elapsed time: 1864.169031 seconds (0d 0h 31m 4s)

---------------  T H R E A D  ---------------

Current thread (0x0000027c1680ab20):  WorkerThread "GC Thread#2"    [id=6136, stack(0x000000aad7000000,0x000000aad7100000) (1024K)]

Stack: [0x000000aad7000000,0x000000aad7100000],  sp=0x000000aad70ff8d0,  free space=1022k
Native frames: (J=compiled Java code, j=interpreted, Vv=VM code, C=native code)
V  [jvm.dll+0x6d8480]
V  [jvm.dll+0x70a68c]
V  [jvm.dll+0x706d48]
V  [jvm.dll+0x6da31e]
V  [jvm.dll+0x70a566]
V  [jvm.dll+0x70ad2d]
V  [jvm.dll+0x8d62a7]
V  [jvm.dll+0x851f8b]
V  [jvm.dll+0x6cc5ed]
C  [ucrtbase.dll+0x21bb2]
C  [KERNEL32.DLL+0x17374]
C  [ntdll.dll+0x4cc91]


siginfo: EXCEPTION_ACCESS_VIOLATION (0xc0000005), reading address 0x0000027ce9424f20


Registers:
RAX=0x0000000045ea3da4, RBX=0x000000000096e482, RCX=0x000000aad70ff930, RDX=0x00000000c4b72410
RSP=0x000000aad70ff8d0, RBP=0x0000027ce9424f20, RSI=0x00000000009a0000, RDI=0x000000000096e489
R8 =0x0000027bd1000000, R9 =0x0000000000007ffc, R10=0x00000000230849e4, R11=0x0000027bd00e5be0
R12=0x00000000c4b72410, R13=0x0000000000e20000, R14=0x000000aad70ff930, R15=0x0000027e0051ed20
RIP=0x00007ffc234e8480, EFLAGS=0x0000000000010287

XMM[0]=0x0000000000000000 0x000000000000009a
XMM[1]=0x0000000000000000 0x0000000000000000
XMM[2]=0x0000000000000000 0x0000000000000000
XMM[3]=0x0000000000000000 0x0000000000000000
XMM[4]=0x0000000000000000 0x0000000000000000
XMM[5]=0x0000000000000000 0x0000000000000000
XMM[6]=0x0000000000000000 0x0000000000000000
XMM[7]=0x0000000000000000 0x0000000000000000
XMM[8]=0x0000000000000000 0x0000000000000000
XMM[9]=0x0000000000000000 0x0000000000000000
XMM[10]=0x0000000000000000 0x0000000000000000
XMM[11]=0x0000000000000000 0x0000000000000000
XMM[12]=0x0000000000000000 0x0000000000000000
XMM[13]=0x0000000000000000 0x0000000000000000
XMM[14]=0x0000000000000000 0x0000000000000000
XMM[15]=0x0000000000000000 0x0000000000000000
  MXCSR=0x00001fa0


Register to memory mapping:

RAX=0x0000000045ea3da4 is an unknown value
RBX=0x000000000096e482 is an unknown value
RCX=0x000000aad70ff930 points into unknown readable memory: 0x00007ffc2389bbf8 | f8 bb 89 23 fc 7f 00 00
RDX=
[error occurred during error reporting (printing register info), id 0xc0000005, EXCEPTION_ACCESS_VIOLATION (0xc0000005) at pc=0x00007ffc234ecb83]
RSP=0x000000aad70ff8d0 points into unknown readable memory: 0x00000000c4b00000 | 00 00 b0 c4 00 00 00 00
RBP=0x0000027ce9424f20 is an unknown value
RSI=0x00000000009a0000 is an unknown value
RDI=0x000000000096e489 is an unknown value
R8 =0x0000027bd1000000 is pointing into metadata
R9 =0x0000000000007ffc is an unknown value
R10=0x00000000230849e4 is an unknown value
R11=0x0000027bd00e5be0 points into unknown readable memory: 0x0000027bb9b30150 | 50 01 b3 b9 7b 02 00 00
R12=
[error occurred during error reporting (printing register info, attempt 2), id 0xc0000005, EXCEPTION_ACCESS_VIOLATION (0xc0000005) at pc=0x00007ffc234ecb83]
R13=0x0000000000e20000 is an unknown value
R14=0x000000aad70ff930 points into unknown readable memory: 0x00007ffc2389bbf8 | f8 bb 89 23 fc 7f 00 00
R15=0x0000027e0051ed20 is an unknown value

Top of Stack: (sp=0x000000aad70ff8d0)
0x000000aad70ff8d0:   00000000c4b00000 00007ffc234e917b
0x000000aad70ff8e0:   0000027bd00e5be0 0000027bb9ae1770
0x000000aad70ff8f0:   000000aad70ffa40 00007ffc23ac3260
0x000000aad70ff900:   00000000009a0000 00007ffc2351a68c
0x000000aad70ff910:   000000000096e482 00000000009a0000
0x000000aad70ff920:   000000000096e489 0000000000e20000
0x000000aad70ff930:   00007ffc2389bbf8 0000000000000000
0x000000aad70ff940:   0000027bd00e5be0 000000aad70ffa10
0x000000aad70ff950:   0000000000000007 00007ffc23516d48
0x000000aad70ff960:   000000aad70ff9e0 0000027c1628b7a0
0x000000aad70ff970:   00000000d8778501 0000000000010000
0x000000aad70ff980:   00000000005b8fe9 00007ffc234ea31e
0x000000aad70ff990:   00000000005b8ff0 0000000000e20000
0x000000aad70ff9a0:   0000000000620000 000000000000011b
0x000000aad70ff9b0:   0000027bd00e5be0 0000000000000000
0x000000aad70ff9c0:   00007ffc23ac30c0 00007ffc23ac3260
0x000000aad70ff9d0:   000000000000008c 00007ffc2351a566
0x000000aad70ff9e0:   00000000009a0000 0000000000000000
0x000000aad70ff9f0:   000000aad70ffa10 000000000000009a
0x000000aad70ffa00:   00000000009a0000 0000000000e20000
0x000000aad70ffa10:   00007ffc2389bbe8 00007ffc23ac3260
0x000000aad70ffa20:   0000027bd00e5be0 ffffffffffffffff
0x000000aad70ffa30:   0000000000000000 0000027bb9b4bb50
0x000000aad70ffa40:   00007ffc2389bbd8 00007ffc23ac3260
0x000000aad70ffa50:   0000027bd00e5be0 ffffffffffffffff
0x000000aad70ffa60:   0000000000000000 0000000000000000
0x000000aad70ffa70:   0000027bb9b4bb50 0000000000000000
0x000000aad70ffa80:   0000000000000070 0000027c167a2318
0x000000aad70ffa90:   0000000000000000 0000000000000030
0x000000aad70ffaa0:   0000027bd00e5be0 00007ffc2351ad2d
0x000000aad70ffab0:   000000aad63fec10 0000027c1680ab20
0x000000aad70ffac0:   0000000000000002 0000000000000000 

Instructions: (pc=0x00007ffc234e8480)
0x00007ffc234e8380:   00 4d 03 d1 49 03 c2 4a 8d 34 d3 4c 8d 34 c3 49
0x00007ffc234e8390:   3b f6 73 41 48 89 7c 24 50 0f 1f 80 00 00 00 00
0x00007ffc234e83a0:   48 63 1e 8b 46 04 49 03 df 48 8d 3c c3 48 3b df
0x00007ffc234e83b0:   73 15 48 8b 4d 18 48 8b d3 e8 b2 f9 ff ff 48 83
0x00007ffc234e83c0:   c3 08 48 3b df 72 eb 48 83 c6 08 49 3b f6 72 d0
0x00007ffc234e83d0:   48 8b 7c 24 50 49 8b cf e8 c3 05 d1 ff 4c 8b 7c
0x00007ffc234e83e0:   24 20 4c 8b 74 24 28 48 8b 74 24 48 48 8b 5c 24
0x00007ffc234e83f0:   40 48 85 c0 74 17 44 8b 45 10 45 33 c9 48 8b d5
0x00007ffc234e8400:   48 8b c8 48 83 c4 30 5d e9 13 9b b4 ff 48 83 c4
0x00007ffc234e8410:   30 5d c3 cc cc cc cc cc cc cc cc cc cc cc cc cc
0x00007ffc234e8420:   48 89 6c 24 20 41 54 41 56 41 57 48 83 ec 20 4d
0x00007ffc234e8430:   63 90 a0 00 00 00 4c 8b e2 4d 63 88 14 01 00 00
0x00007ffc234e8440:   49 83 c2 38 41 8b 80 10 01 00 00 4d 03 d1 49 03
0x00007ffc234e8450:   c2 4c 8b f1 4b 8d 2c d0 4d 8d 3c c0 49 3b ef 0f
0x00007ffc234e8460:   83 91 00 00 00 48 89 5c 24 40 48 89 74 24 48 48
0x00007ffc234e8470:   89 7c 24 50 0f 1f 40 00 0f 1f 84 00 00 00 00 00
0x00007ffc234e8480:   48 63 5d 00 8b 45 04 49 03 dc 48 8d 34 83 48 3b
0x00007ffc234e8490:   de 73 4b 8b 03 85 c0 74 3c 8b 0d 09 0b 55 00 8b
0x00007ffc234e84a0:   f8 4d 8b 46 10 48 d3 e7 48 8d 0d f1 ad 5d 00 48
0x00007ffc234e84b0:   03 3d ea 0a 55 00 48 8b d7 e8 92 d3 02 00 48 3b
0x00007ffc234e84c0:   c7 74 12 48 2b 05 d6 0a 55 00 8b 0d d8 0a 55 00
0x00007ffc234e84d0:   48 d3 e8 89 03 48 83 c3 04 48 3b de 72 b5 48 83
0x00007ffc234e84e0:   c5 08 49 3b ef 72 99 48 8b 7c 24 50 48 8b 74 24
0x00007ffc234e84f0:   48 48 8b 5c 24 40 48 8b 6c 24 58 48 83 c4 20 41
0x00007ffc234e8500:   5f 41 5e 41 5c c3 cc cc cc cc cc cc cc cc cc cc
0x00007ffc234e8510:   40 55 48 83 ec 30 48 89 5c 24 40 48 8b e9 49 8b
0x00007ffc234e8520:   d8 48 89 74 24 48 44 8b 41 10 45 33 c9 4c 89 74
0x00007ffc234e8530:   24 28 4c 89 7c 24 20 4c 8b fa 48 8b d1 48 8b 8b
0x00007ffc234e8540:   98 00 00 00 e8 d7 99 b4 ff 4c 63 93 a0 00 00 00
0x00007ffc234e8550:   4c 63 8b 14 01 00 00 49 83 c2 38 8b 83 10 01 00
0x00007ffc234e8560:   00 4d 03 d1 49 03 c2 4a 8d 34 d3 4c 8d 34 c3 49
0x00007ffc234e8570:   3b f6 73 41 48 89 7c 24 50 0f 1f 80 00 00 00 00 


Stack slot to memory mapping:

stack at sp + 0 slots: 
[error occurred during error reporting (inspecting top of stack), id 0xc0000005, EXCEPTION_ACCESS_VIOLATION (0xc0000005) at pc=0x00007ffc234ecb83]
stack at sp + 1 slots: 0x00007ffc234e917b jvm.dll
stack at sp + 2 slots: 0x0000027bd00e5be0 points into unknown readable memory: 0x0000027bb9b30150 | 50 01 b3 b9 7b 02 00 00
stack at sp + 3 slots: 0x0000027bb9ae1770 points into unknown readable memory: 0x00000000c4b00000 | 00 00 b0 c4 00 00 00 00
stack at sp + 4 slots: 0x000000aad70ffa40 points into unknown readable memory: 0x00007ffc2389bbd8 | d8 bb 89 23 fc 7f 00 00
stack at sp + 5 slots: 0x00007ffc23ac3260 jvm.dll
stack at sp + 6 slots: 0x00000000009a0000 is an unknown value
stack at sp + 7 slots: 0x00007ffc2351a68c jvm.dll


---------------  P R O C E S S  ---------------

Threads class SMR info:
_java_thread_list=0x0000027c19820560, length=40, elements={
0x0000027bb9b635a0, 0x0000027bd0145520, 0x0000027bd0147d30, 0x0000027bd01498b0,
0x0000027bd014a7c0, 0x0000027bd014b6d0, 0x0000027bd014f140, 0x0000027bd014ff70,
0x0000027bd01ca420, 0x0000027bd021e160, 0x0000027c161dfd30, 0x0000027c16b7bfd0,
0x0000027c167ea6c0, 0x0000027c16a72290, 0x0000027bd01d4ac0, 0x0000027c169c6e60,
0x0000027c1684eee0, 0x0000027c16c56db0, 0x0000027c16c55a00, 0x0000027c16c56720,
0x0000027c173e0bf0, 0x0000027c173e1910, 0x0000027c173e1fa0, 0x0000027c173e7b80,
0x0000027c173e1280, 0x0000027c173e8210, 0x0000027c173e2630, 0x0000027c173e6140,
0x0000027c173e5420, 0x0000027c173e6e60, 0x0000027c173e4d90, 0x0000027c16d5df10,
0x0000027c16d65530, 0x0000027c16d5ffe0, 0x0000027c16d61390, 0x0000027c16d5e5a0,
0x0000027c16d61a20, 0x0000027c173e4700, 0x0000027c173e3350, 0x0000027c173e5ab0
}

Java Threads: ( => current thread )
  0x0000027bb9b635a0 JavaThread "main"                              [_thread_blocked, id=2240, stack(0x000000aad6000000,0x000000aad6100000) (1024K)]
  0x0000027bd0145520 JavaThread "Reference Handler"          daemon [_thread_blocked, id=8488, stack(0x000000aad6400000,0x000000aad6500000) (1024K)]
  0x0000027bd0147d30 JavaThread "Finalizer"                  daemon [_thread_blocked, id=8016, stack(0x000000aad6500000,0x000000aad6600000) (1024K)]
  0x0000027bd01498b0 JavaThread "Signal Dispatcher"          daemon [_thread_blocked, id=4148, stack(0x000000aad6600000,0x000000aad6700000) (1024K)]
  0x0000027bd014a7c0 JavaThread "Attach Listener"            daemon [_thread_blocked, id=4752, stack(0x000000aad6700000,0x000000aad6800000) (1024K)]
  0x0000027bd014b6d0 JavaThread "Service Thread"             daemon [_thread_blocked, id=1888, stack(0x000000aad6800000,0x000000aad6900000) (1024K)]
  0x0000027bd014f140 JavaThread "Monitor Deflation Thread"   daemon [_thread_blocked, id=4832, stack(0x000000aad6900000,0x000000aad6a00000) (1024K)]
  0x0000027bd014ff70 JavaThread "C2 CompilerThread0"         daemon [_thread_blocked, id=3880, stack(0x000000aad6a00000,0x000000aad6b00000) (1024K)]
  0x0000027bd01ca420 JavaThread "C1 CompilerThread0"         daemon [_thread_blocked, id=1704, stack(0x000000aad6b00000,0x000000aad6c00000) (1024K)]
  0x0000027bd021e160 JavaThread "Common-Cleaner"             daemon [_thread_blocked, id=2484, stack(0x000000aad6c00000,0x000000aad6d00000) (1024K)]
  0x0000027c161dfd30 JavaThread "Notification Thread"        daemon [_thread_blocked, id=5292, stack(0x000000aad6d00000,0x000000aad6e00000) (1024K)]
  0x0000027c16b7bfd0 JavaThread "Active Thread: Equinox Container: 4d6f5db8-825b-4f15-8a3d-6dc109a08119"        [_thread_blocked, id=5264, stack(0x000000aad7200000,0x000000aad7300000) (1024K)]
  0x0000027c167ea6c0 JavaThread "Refresh Thread: Equinox Container: 4d6f5db8-825b-4f15-8a3d-6dc109a08119" daemon [_thread_blocked, id=2356, stack(0x000000aad6e00000,0x000000aad6f00000) (1024K)]
  0x0000027c16a72290 JavaThread "Framework Event Dispatcher: Equinox Container: 4d6f5db8-825b-4f15-8a3d-6dc109a08119" daemon [_thread_blocked, id=2616, stack(0x000000aad7300000,0x000000aad7400000) (1024K)]
  0x0000027bd01d4ac0 JavaThread "Start Level: Equinox Container: 4d6f5db8-825b-4f15-8a3d-6dc109a08119" daemon [_thread_blocked, id=3280, stack(0x000000aad7400000,0x000000aad7500000) (1024K)]
  0x0000027c169c6e60 JavaThread "Bundle File Closer"         daemon [_thread_blocked, id=5624, stack(0x000000aad7600000,0x000000aad7700000) (1024K)]
  0x0000027c1684eee0 JavaThread "SCR Component Actor"        daemon [_thread_blocked, id=2468, stack(0x000000aad7500000,0x000000aad7600000) (1024K)]
  0x0000027c16c56db0 JavaThread "Worker-JM"                         [_thread_blocked, id=7456, stack(0x000000aad7900000,0x000000aad7a00000) (1024K)]
  0x0000027c16c55a00 JavaThread "JNA Cleaner"                daemon [_thread_blocked, id=7560, stack(0x000000aad7a00000,0x000000aad7b00000) (1024K)]
  0x0000027c16c56720 JavaThread "Java indexing"              daemon [_thread_blocked, id=8548, stack(0x000000aad7d00000,0x000000aad7e00000) (1024K)]
  0x0000027c173e0bf0 JavaThread "Thread-2"                   daemon [_thread_in_native, id=8568, stack(0x000000aad8300000,0x000000aad8400000) (1024K)]
  0x0000027c173e1910 JavaThread "Thread-3"                   daemon [_thread_in_native, id=8560, stack(0x000000aad8400000,0x000000aad8500000) (1024K)]
  0x0000027c173e1fa0 JavaThread "Thread-4"                   daemon [_thread_in_native, id=8812, stack(0x000000aad8500000,0x000000aad8600000) (1024K)]
  0x0000027c173e7b80 JavaThread "Thread-5"                   daemon [_thread_in_native, id=2276, stack(0x000000aad8600000,0x000000aad8700000) (1024K)]
  0x0000027c173e1280 JavaThread "Thread-6"                   daemon [_thread_blocked, id=2292, stack(0x000000aad8700000,0x000000aad8800000) (1024K)]
  0x0000027c173e8210 JavaThread "pool-2-thread-1"                   [_thread_blocked, id=2288, stack(0x000000aad8800000,0x000000aad8900000) (1024K)]
  0x0000027c173e2630 JavaThread "WorkspaceEventsHandler"            [_thread_blocked, id=5288, stack(0x000000aad7700000,0x000000aad7800000) (1024K)]
  0x0000027c173e6140 JavaThread "pool-1-thread-1"                   [_thread_blocked, id=2236, stack(0x000000aad8900000,0x000000aad8a00000) (1024K)]
  0x0000027c173e5420 JavaThread "<un-named>"                        [_thread_blocked, id=5752, stack(0x000000aad7e00000,0x000000aad7f00000) (1024K)]
  0x0000027c173e6e60 JavaThread "<un-named>"                        [_thread_blocked, id=8384, stack(0x000000aad7c00000,0x000000aad7d00000) (1024K)]
  0x0000027c173e4d90 JavaThread "<un-named>"                        [_thread_blocked, id=1336, stack(0x000000aad7800000,0x000000aad7900000) (1024K)]
  0x0000027c16d5df10 JavaThread "<un-named>"                        [_thread_blocked, id=7408, stack(0x000000aad7b00000,0x000000aad7c00000) (1024K)]
  0x0000027c16d65530 JavaThread "<un-named>"                        [_thread_blocked, id=7284, stack(0x000000aad5e00000,0x000000aad5f00000) (1024K)]
  0x0000027c16d5ffe0 JavaThread "<un-named>"                        [_thread_blocked, id=4868, stack(0x000000aad7f00000,0x000000aad8000000) (1024K)]
  0x0000027c16d61390 JavaThread "<un-named>"                        [_thread_blocked, id=3796, stack(0x000000aad8000000,0x000000aad8100000) (1024K)]
  0x0000027c16d5e5a0 JavaThread "<un-named>"                        [_thread_blocked, id=6776, stack(0x000000aad8100000,0x000000aad8200000) (1024K)]
  0x0000027c16d61a20 JavaThread "<un-named>"                        [_thread_blocked, id=4712, stack(0x000000aad8200000,0x000000aad8300000) (1024K)]
  0x0000027c173e4700 JavaThread "<un-named>"                        [_thread_blocked, id=5352, stack(0x000000aad8a00000,0x000000aad8b00000) (1024K)]
  0x0000027c173e3350 JavaThread "<un-named>"                        [_thread_blocked, id=2908, stack(0x000000aad5f00000,0x000000aad6000000) (1024K)]
  0x0000027c173e5ab0 JavaThread "<un-named>"                        [_thread_blocked, id=8300, stack(0x000000aad8b00000,0x000000aad8c00000) (1024K)]
Total: 40

Other Threads:
  0x0000027bd01295a0 VMThread "VM Thread"                           [id=4732, stack(0x000000aad6300000,0x000000aad6400000) (1024K)]
  0x0000027bbbee1d90 WatcherThread "VM Periodic Task Thread"        [id=8456, stack(0x000000aad6200000,0x000000aad6300000) (1024K)]
  0x0000027bbbe3afd0 WorkerThread "GC Thread#0"                     [id=9080, stack(0x000000aad6100000,0x000000aad6200000) (1024K)]
  0x0000027c1680a780 WorkerThread "GC Thread#1"                     [id=8020, stack(0x000000aad6f00000,0x000000aad7000000) (1024K)]
=>0x0000027c1680ab20 WorkerThread "GC Thread#2"                     [id=6136, stack(0x000000aad7000000,0x000000aad7100000) (1024K)]
  0x0000027c165ae1d0 WorkerThread "GC Thread#3"                     [id=3260, stack(0x000000aad7100000,0x000000aad7200000) (1024K)]
Total: 6

Threads with active compile tasks:
C2 CompilerThread0  1864337 20904       4       com.sun.org.apache.xerces.internal.parsers.AbstractDOMParser::startElement (883 bytes)
Total: 1

VM state: at safepoint (normal execution)

VM Mutex/Monitor currently owned by a thread:  ([mutex/lock_event])
[0x00007ffc23abe380] Threads_lock - owner thread: 0x0000027bd01295a0
[0x00007ffc23abe480] Heap_lock - owner thread: 0x0000027c173e6e60

Heap address: 0x00000000c0000000, size: 1024 MB, Compressed Oops mode: 32-bit

CDS archive(s) mapped at: [0x0000027bd1000000-0x0000027bd1ba0000-0x0000027bd1ba0000), size 12189696, SharedBaseAddress: 0x0000027bd1000000, ArchiveRelocationMode: 1.
Compressed class space mapped at: 0x0000027bd2000000-0x0000027c12000000, reserved size: 1073741824
Narrow klass base: 0x0000027bd1000000, Narrow klass shift: 0, Narrow klass range: 0x100000000

GC Precious Log:
 CardTable entry size: 512
 CPUs: 4 total, 4 available
 Memory: 4003M
 Large Page Support: Disabled
 NUMA Support: Disabled
 Compressed Oops: Enabled (32-bit)
 Alignments: Space 512K, Generation 512K, Heap 2M
 Heap Min Capacity: 100M
 Heap Initial Capacity: 100M
 Heap Max Capacity: 1G
 Pre-touch: Disabled
 Parallel Workers: 4

Heap:
 PSYoungGen      total 6656K, used 6559K [0x00000000eab00000, 0x00000000eb800000, 0x0000000100000000)
  eden space 4096K, 98% used [0x00000000eab00000,0x00000000eaef0418,0x00000000eaf00000)
  from space 2560K, 98% used [0x00000000eaf00000,0x00000000eb177800,0x00000000eb180000)
  to   space 4608K, 0% used [0x00000000eb380000,0x00000000eb380000,0x00000000eb800000)
 ParOldGen       total 697856K, used 697528K [0x00000000c0000000, 0x00000000ea980000, 0x00000000eab00000)
  object space 697856K, 99% used [0x00000000c0000000,0x00000000ea92e290,0x00000000ea980000)
 Metaspace       used 85415K, committed 87104K, reserved 1179648K
  class space    used 8436K, committed 9280K, reserved 1048576K

Card table byte_map: [0x0000027bbb6e0000,0x0000027bbb8f0000] _byte_map_base: 0x0000027bbb0e0000

Marking Bits: (ParMarkBitMap*) 0x00007ffc23ac3260
 Begin Bits: [0x0000027bce020000, 0x0000027bcf020000)
 End Bits:   [0x0000027bcf020000, 0x0000027bd0020000)

Polling page: 0x0000027bb9ab0000

Metaspace:

Usage:
  Non-class:     75.18 MB used.
      Class:      8.24 MB used.
       Both:     83.41 MB used.

Virtual space:
  Non-class space:      128.00 MB reserved,      76.00 MB ( 59%) committed,  2 nodes.
      Class space:        1.00 GB reserved,       9.06 MB ( <1%) committed,  1 nodes.
             Both:        1.12 GB reserved,      85.06 MB (  7%) committed. 

Chunk freelists:
   Non-Class:  4.08 MB
       Class:  7.12 MB
        Both:  11.20 MB

MaxMetaspaceSize: unlimited
CompressedClassSpaceSize: 1.00 GB
Initial GC threshold: 21.00 MB
Current GC threshold: 141.06 MB
CDS: on
 - commit_granule_bytes: 65536.
 - commit_granule_words: 8192.
 - virtual_space_node_default_size: 8388608.
 - enlarge_chunks_in_place: 1.
 - use_allocation_guard: 0.


Internal statistics:

num_allocs_failed_limit: 9.
num_arena_births: 1704.
num_arena_deaths: 418.
num_vsnodes_births: 3.
num_vsnodes_deaths: 0.
num_space_committed: 1363.
num_space_uncommitted: 2.
num_chunks_returned_to_freelist: 525.
num_chunks_taken_from_freelist: 5904.
num_chunk_merges: 133.
num_chunk_splits: 3461.
num_chunks_enlarged: 1928.
num_inconsistent_stats: 0.

CodeHeap 'non-profiled nmethods': size=120000Kb used=13168Kb max_used=17939Kb free=106831Kb
 bounds [0x0000027bc6af0000, 0x0000027bc7c80000, 0x0000027bce020000]
CodeHeap 'profiled nmethods': size=120000Kb used=31784Kb max_used=44780Kb free=88215Kb
 bounds [0x0000027bbf020000, 0x0000027bc1be0000, 0x0000027bc6550000]
CodeHeap 'non-nmethods': size=5760Kb used=1525Kb max_used=1607Kb free=4235Kb
 bounds [0x0000027bc6550000, 0x0000027bc67c0000, 0x0000027bc6af0000]
 total_blobs=14952 nmethods=14109 adapters=743
 compilation: enabled
              stopped_count=0, restarted_count=0
 full_count=0

Compilation events (20 events):
Event: 1863.646 Thread 0x0000027bd01ca420 nmethod 20894 0x0000027bbfecaf10 code [0x0000027bbfecb0c0, 0x0000027bbfecb268]
Event: 1863.646 Thread 0x0000027bd01ca420 20895       3       org.eclipse.jdt.core.dom.DefaultCommentMapper::getExtendedEnd (95 bytes)
Event: 1863.647 Thread 0x0000027bd01ca420 nmethod 20895 0x0000027bbfa4df10 code [0x0000027bbfa4e0e0, 0x0000027bbfa4e498]
Event: 1863.647 Thread 0x0000027bd01ca420 20896       3       org.eclipse.jdt.internal.core.dom.rewrite.RewriteEventStore::isRangeCopyPlaceholder (13 bytes)
Event: 1863.647 Thread 0x0000027bd01ca420 nmethod 20896 0x0000027bc012a890 code [0x0000027bc012aa40, 0x0000027bc012abf8]
Event: 1863.647 Thread 0x0000027bd01ca420 20897       3       org.eclipse.jdt.core.dom.rewrite.TargetSourceRangeComputer::computeSourceRange (51 bytes)
Event: 1863.648 Thread 0x0000027bd01ca420 nmethod 20897 0x0000027bbf8f3d90 code [0x0000027bbf8f3fc0, 0x0000027bbf8f4778]
Event: 1863.648 Thread 0x0000027bd01ca420 20898       3       org.eclipse.jdt.internal.core.dom.util.DOMASTUtil::isNodeTypeSupportedinAST (148 bytes)
Event: 1863.649 Thread 0x0000027bd01ca420 nmethod 20898 0x0000027bbf8b7d10 code [0x0000027bbf8b7f20, 0x0000027bbf8b8590]
Event: 1863.649 Thread 0x0000027bd01ca420 20899       3       org.eclipse.jdt.internal.corext.codemanipulation.GetterSetterUtil::getGetter (72 bytes)
Event: 1863.650 Thread 0x0000027bd01ca420 nmethod 20899 0x0000027bbf762510 code [0x0000027bbf762760, 0x0000027bbf762f30]
Event: 1863.651 Thread 0x0000027bd01ca420 20900       3       org.eclipse.jdt.internal.corext.dom.GenericVisitor::visit (6 bytes)
Event: 1863.651 Thread 0x0000027bd01ca420 nmethod 20900 0x0000027bc0281810 code [0x0000027bc02819c0, 0x0000027bc0281b88]
Event: 1863.660 Thread 0x0000027bd01ca420 20901       3       org.eclipse.jdt.internal.corext.util.JdtFlags::isInterfaceOrAnnotationMember (8 bytes)
Event: 1863.660 Thread 0x0000027bd01ca420 nmethod 20901 0x0000027bc028a790 code [0x0000027bc028a940, 0x0000027bc028aa78]
Event: 1863.702 Thread 0x0000027bd01ca420 20903       3       org.eclipse.core.internal.watson.ElementTree::<init> (40 bytes)
Event: 1863.703 Thread 0x0000027bd01ca420 nmethod 20903 0x0000027bbf5c9710 code [0x0000027bbf5c98e0, 0x0000027bbf5c9c40]
Event: 1863.703 Thread 0x0000027bd01ca420 20902       3       org.eclipse.core.internal.dtree.DeltaDataTree::newEmptyDeltaTree (35 bytes)
Event: 1863.704 Thread 0x0000027bd01ca420 nmethod 20902 0x0000027bbf7feb90 code [0x0000027bbf7feda0, 0x0000027bbf7ff408]
Event: 1863.724 Thread 0x0000027bd014ff70 20904       4       com.sun.org.apache.xerces.internal.parsers.AbstractDOMParser::startElement (883 bytes)

GC Heap History (20 events):
Event: 1857.798 GC heap after
{Heap after GC invocations=2174 (full 5):
 PSYoungGen      total 8192K, used 704K [0x00000000eab00000, 0x00000000eb900000, 0x0000000100000000)
  eden space 7168K, 0% used [0x00000000eab00000,0x00000000eab00000,0x00000000eb200000)
  from space 1024K, 68% used [0x00000000eb800000,0x00000000eb8b0000,0x00000000eb900000)
  to   space 1536K, 0% used [0x00000000eb600000,0x00000000eb600000,0x00000000eb780000)
 ParOldGen       total 684544K, used 684212K [0x00000000c0000000, 0x00000000e9c80000, 0x00000000eab00000)
  object space 684544K, 99% used [0x00000000c0000000,0x00000000e9c2d1d0,0x00000000e9c80000)
 Metaspace       used 85358K, committed 87104K, reserved 1179648K
  class space    used 8436K, committed 9280K, reserved 1048576K
}
Event: 1858.024 GC heap before
{Heap before GC invocations=2175 (full 5):
 PSYoungGen      total 8192K, used 7872K [0x00000000eab00000, 0x00000000eb900000, 0x0000000100000000)
  eden space 7168K, 100% used [0x00000000eab00000,0x00000000eb200000,0x00000000eb200000)
  from space 1024K, 68% used [0x00000000eb800000,0x00000000eb8b0000,0x00000000eb900000)
  to   space 1536K, 0% used [0x00000000eb600000,0x00000000eb600000,0x00000000eb780000)
 ParOldGen       total 684544K, used 684212K [0x00000000c0000000, 0x00000000e9c80000, 0x00000000eab00000)
  object space 684544K, 99% used [0x00000000c0000000,0x00000000e9c2d1d0,0x00000000e9c80000)
 Metaspace       used 85359K, committed 87104K, reserved 1179648K
  class space    used 8436K, committed 9280K, reserved 1048576K
}
Event: 1858.028 GC heap after
{Heap after GC invocations=2175 (full 5):
 PSYoungGen      total 8704K, used 890K [0x00000000eab00000, 0x00000000eb880000, 0x0000000100000000)
  eden space 7168K, 0% used [0x00000000eab00000,0x00000000eab00000,0x00000000eb200000)
  from space 1536K, 57% used [0x00000000eb600000,0x00000000eb6de900,0x00000000eb780000)
  to   space 1024K, 0% used [0x00000000eb780000,0x00000000eb780000,0x00000000eb880000)
 ParOldGen       total 685056K, used 684860K [0x00000000c0000000, 0x00000000e9d00000, 0x00000000eab00000)
  object space 685056K, 99% used [0x00000000c0000000,0x00000000e9ccf1d0,0x00000000e9d00000)
 Metaspace       used 85359K, committed 87104K, reserved 1179648K
  class space    used 8436K, committed 9280K, reserved 1048576K
}
Event: 1858.514 GC heap before
{Heap before GC invocations=2176 (full 5):
 PSYoungGen      total 8704K, used 8058K [0x00000000eab00000, 0x00000000eb880000, 0x0000000100000000)
  eden space 7168K, 100% used [0x00000000eab00000,0x00000000eb200000,0x00000000eb200000)
  from space 1536K, 57% used [0x00000000eb600000,0x00000000eb6de900,0x00000000eb780000)
  to   space 1024K, 0% used [0x00000000eb780000,0x00000000eb780000,0x00000000eb880000)
 ParOldGen       total 685056K, used 684860K [0x00000000c0000000, 0x00000000e9d00000, 0x00000000eab00000)
  object space 685056K, 99% used [0x00000000c0000000,0x00000000e9ccf1d0,0x00000000e9d00000)
 Metaspace       used 85363K, committed 87104K, reserved 1179648K
  class space    used 8436K, committed 9280K, reserved 1048576K
}
Event: 1858.518 GC heap after
{Heap after GC invocations=2176 (full 5):
 PSYoungGen      total 8192K, used 756K [0x00000000eab00000, 0x00000000eb880000, 0x0000000100000000)
  eden space 7168K, 0% used [0x00000000eab00000,0x00000000eab00000,0x00000000eb200000)
  from space 1024K, 73% used [0x00000000eb780000,0x00000000eb83d220,0x00000000eb880000)
  to   space 1024K, 0% used [0x00000000eb680000,0x00000000eb680000,0x00000000eb780000)
 ParOldGen       total 685056K, used 684892K [0x00000000c0000000, 0x00000000e9d00000, 0x00000000eab00000)
  object space 685056K, 99% used [0x00000000c0000000,0x00000000e9cd71d0,0x00000000e9d00000)
 Metaspace       used 85363K, committed 87104K, reserved 1179648K
  class space    used 8436K, committed 9280K, reserved 1048576K
}
Event: 1858.840 GC heap before
{Heap before GC invocations=2177 (full 5):
 PSYoungGen      total 8192K, used 7924K [0x00000000eab00000, 0x00000000eb880000, 0x0000000100000000)
  eden space 7168K, 100% used [0x00000000eab00000,0x00000000eb200000,0x00000000eb200000)
  from space 1024K, 73% used [0x00000000eb780000,0x00000000eb83d220,0x00000000eb880000)
  to   space 1024K, 0% used [0x00000000eb680000,0x00000000eb680000,0x00000000eb780000)
 ParOldGen       total 685056K, used 684892K [0x00000000c0000000, 0x00000000e9d00000, 0x00000000eab00000)
  object space 685056K, 99% used [0x00000000c0000000,0x00000000e9cd71d0,0x00000000e9d00000)
 Metaspace       used 85377K, committed 87104K, reserved 1179648K
  class space    used 8436K, committed 9280K, reserved 1048576K
}
Event: 1858.844 GC heap after
{Heap after GC invocations=2177 (full 5):
 PSYoungGen      total 8192K, used 858K [0x00000000eab00000, 0x00000000eb800000, 0x0000000100000000)
  eden space 7168K, 0% used [0x00000000eab00000,0x00000000eab00000,0x00000000eb200000)
  from space 1024K, 83% used [0x00000000eb680000,0x00000000eb756900,0x00000000eb780000)
  to   space 512K, 0% used [0x00000000eb780000,0x00000000eb780000,0x00000000eb800000)
 ParOldGen       total 685056K, used 684980K [0x00000000c0000000, 0x00000000e9d00000, 0x00000000eab00000)
  object space 685056K, 99% used [0x00000000c0000000,0x00000000e9ced1f0,0x00000000e9d00000)
 Metaspace       used 85377K, committed 87104K, reserved 1179648K
  class space    used 8436K, committed 9280K, reserved 1048576K
}
Event: 1862.660 GC heap before
{Heap before GC invocations=2178 (full 5):
 PSYoungGen      total 8192K, used 8026K [0x00000000eab00000, 0x00000000eb800000, 0x0000000100000000)
  eden space 7168K, 100% used [0x00000000eab00000,0x00000000eb200000,0x00000000eb200000)
  from space 1024K, 83% used [0x00000000eb680000,0x00000000eb756900,0x00000000eb780000)
  to   space 512K, 0% used [0x00000000eb780000,0x00000000eb780000,0x00000000eb800000)
 ParOldGen       total 685056K, used 684980K [0x00000000c0000000, 0x00000000e9d00000, 0x00000000eab00000)
  object space 685056K, 99% used [0x00000000c0000000,0x00000000e9ced1f0,0x00000000e9d00000)
 Metaspace       used 85388K, committed 87104K, reserved 1179648K
  class space    used 8436K, committed 9280K, reserved 1048576K
}
Event: 1862.663 GC heap after
{Heap after GC invocations=2178 (full 5):
 PSYoungGen      total 7680K, used 500K [0x00000000eab00000, 0x00000000eb800000, 0x0000000100000000)
  eden space 7168K, 0% used [0x00000000eab00000,0x00000000eab00000,0x00000000eb200000)
  from space 512K, 97% used [0x00000000eb780000,0x00000000eb7fd200,0x00000000eb800000)
  to   space 1024K, 0% used [0x00000000eb600000,0x00000000eb600000,0x00000000eb700000)
 ParOldGen       total 685568K, used 685228K [0x00000000c0000000, 0x00000000e9d80000, 0x00000000eab00000)
  object space 685568K, 99% used [0x00000000c0000000,0x00000000e9d2b200,0x00000000e9d80000)
 Metaspace       used 85388K, committed 87104K, reserved 1179648K
  class space    used 8436K, committed 9280K, reserved 1048576K
}
Event: 1863.312 GC heap before
{Heap before GC invocations=2179 (full 5):
 PSYoungGen      total 7680K, used 7668K [0x00000000eab00000, 0x00000000eb800000, 0x0000000100000000)
  eden space 7168K, 99% used [0x00000000eab00000,0x00000000eb1ffff0,0x00000000eb200000)
  from space 512K, 97% used [0x00000000eb780000,0x00000000eb7fd200,0x00000000eb800000)
  to   space 1024K, 0% used [0x00000000eb600000,0x00000000eb600000,0x00000000eb700000)
 ParOldGen       total 685568K, used 685228K [0x00000000c0000000, 0x00000000e9d80000, 0x00000000eab00000)
  object space 685568K, 99% used [0x00000000c0000000,0x00000000e9d2b200,0x00000000e9d80000)
 Metaspace       used 85402K, committed 87104K, reserved 1179648K
  class space    used 8436K, committed 9280K, reserved 1048576K
}
Event: 1863.318 GC heap after
{Heap after GC invocations=2179 (full 5):
 PSYoungGen      total 8192K, used 308K [0x00000000eab00000, 0x00000000eb800000, 0x0000000100000000)
  eden space 7168K, 0% used [0x00000000eab00000,0x00000000eab00000,0x00000000eb200000)
  from space 1024K, 30% used [0x00000000eb600000,0x00000000eb64d200,0x00000000eb700000)
  to   space 512K, 0% used [0x00000000eb780000,0x00000000eb780000,0x00000000eb800000)
 ParOldGen       total 686080K, used 685709K [0x00000000c0000000, 0x00000000e9e00000, 0x00000000eab00000)
  object space 686080K, 99% used [0x00000000c0000000,0x00000000e9da34d8,0x00000000e9e00000)
 Metaspace       used 85402K, committed 87104K, reserved 1179648K
  class space    used 8436K, committed 9280K, reserved 1048576K
}
Event: 1863.587 GC heap before
{Heap before GC invocations=2180 (full 5):
 PSYoungGen      total 8192K, used 7476K [0x00000000eab00000, 0x00000000eb800000, 0x0000000100000000)
  eden space 7168K, 99% used [0x00000000eab00000,0x00000000eb1ffff0,0x00000000eb200000)
  from space 1024K, 30% used [0x00000000eb600000,0x00000000eb64d200,0x00000000eb700000)
  to   space 512K, 0% used [0x00000000eb780000,0x00000000eb780000,0x00000000eb800000)
 ParOldGen       total 686080K, used 685709K [0x00000000c0000000, 0x00000000e9e00000, 0x00000000eab00000)
  object space 686080K, 99% used [0x00000000c0000000,0x00000000e9da34d8,0x00000000e9e00000)
 Metaspace       used 85402K, committed 87104K, reserved 1179648K
  class space    used 8436K, committed 9280K, reserved 1048576K
}
Event: 1863.589 GC heap after
{Heap after GC invocations=2180 (full 5):
 PSYoungGen      total 7680K, used 128K [0x00000000eab00000, 0x00000000eb800000, 0x0000000100000000)
  eden space 7168K, 0% used [0x00000000eab00000,0x00000000eab00000,0x00000000eb200000)
  from space 512K, 25% used [0x00000000eb780000,0x00000000eb7a0000,0x00000000eb800000)
  to   space 512K, 0% used [0x00000000eb700000,0x00000000eb700000,0x00000000eb780000)
 ParOldGen       total 686080K, used 685875K [0x00000000c0000000, 0x00000000e9e00000, 0x00000000eab00000)
  object space 686080K, 99% used [0x00000000c0000000,0x00000000e9dccc90,0x00000000e9e00000)
 Metaspace       used 85402K, committed 87104K, reserved 1179648K
  class space    used 8436K, committed 9280K, reserved 1048576K
}
Event: 1863.653 GC heap before
{Heap before GC invocations=2181 (full 5):
 PSYoungGen      total 7680K, used 7296K [0x00000000eab00000, 0x00000000eb800000, 0x0000000100000000)
  eden space 7168K, 100% used [0x00000000eab00000,0x00000000eb200000,0x00000000eb200000)
  from space 512K, 25% used [0x00000000eb780000,0x00000000eb7a0000,0x00000000eb800000)
  to   space 512K, 0% used [0x00000000eb700000,0x00000000eb700000,0x00000000eb780000)
 ParOldGen       total 686080K, used 685875K [0x00000000c0000000, 0x00000000e9e00000, 0x00000000eab00000)
  object space 686080K, 99% used [0x00000000c0000000,0x00000000e9dccc90,0x00000000e9e00000)
 Metaspace       used 85415K, committed 87104K, reserved 1179648K
  class space    used 8436K, committed 9280K, reserved 1048576K
}
Event: 1863.659 GC heap after
{Heap after GC invocations=2181 (full 5):
 PSYoungGen      total 7680K, used 512K [0x00000000eab00000, 0x00000000ebd00000, 0x0000000100000000)
  eden space 7168K, 0% used [0x00000000eab00000,0x00000000eab00000,0x00000000eb200000)
  from space 512K, 100% used [0x00000000eb700000,0x00000000eb780000,0x00000000eb780000)
  to   space 5632K, 0% used [0x00000000eb780000,0x00000000eb780000,0x00000000ebd00000)
 ParOldGen       total 690176K, used 689912K [0x00000000c0000000, 0x00000000ea200000, 0x00000000eab00000)
  object space 690176K, 99% used [0x00000000c0000000,0x00000000ea1be280,0x00000000ea200000)
 Metaspace       used 85415K, committed 87104K, reserved 1179648K
  class space    used 8436K, committed 9280K, reserved 1048576K
}
Event: 1863.690 GC heap before
{Heap before GC invocations=2182 (full 5):
 PSYoungGen      total 7680K, used 7680K [0x00000000eab00000, 0x00000000ebd00000, 0x0000000100000000)
  eden space 7168K, 100% used [0x00000000eab00000,0x00000000eb200000,0x00000000eb200000)
  from space 512K, 100% used [0x00000000eb700000,0x00000000eb780000,0x00000000eb780000)
  to   space 5632K, 0% used [0x00000000eb780000,0x00000000eb780000,0x00000000ebd00000)
 ParOldGen       total 690176K, used 689912K [0x00000000c0000000, 0x00000000ea200000, 0x00000000eab00000)
  object space 690176K, 99% used [0x00000000c0000000,0x00000000ea1be280,0x00000000ea200000)
 Metaspace       used 85415K, committed 87104K, reserved 1179648K
  class space    used 8436K, committed 9280K, reserved 1048576K
}
Event: 1863.701 GC heap after
{Heap after GC invocations=2182 (full 5):
 PSYoungGen      total 9728K, used 5632K [0x00000000eab00000, 0x00000000ec300000, 0x0000000100000000)
  eden space 4096K, 0% used [0x00000000eab00000,0x00000000eab00000,0x00000000eaf00000)
  from space 5632K, 100% used [0x00000000eb780000,0x00000000ebd00000,0x00000000ebd00000)
  to   space 8704K, 0% used [0x00000000eaf00000,0x00000000eaf00000,0x00000000eb780000)
 ParOldGen       total 692224K, used 691840K [0x00000000c0000000, 0x00000000ea400000, 0x00000000eab00000)
  object space 692224K, 99% used [0x00000000c0000000,0x00000000ea3a0290,0x00000000ea400000)
 Metaspace       used 85415K, committed 87104K, reserved 1179648K
  class space    used 8436K, committed 9280K, reserved 1048576K
}
Event: 1863.735 GC heap before
{Heap before GC invocations=2183 (full 5):
 PSYoungGen      total 9728K, used 9556K [0x00000000eab00000, 0x00000000ec300000, 0x0000000100000000)
  eden space 4096K, 95% used [0x00000000eab00000,0x00000000eaed5160,0x00000000eaf00000)
  from space 5632K, 100% used [0x00000000eb780000,0x00000000ebd00000,0x00000000ebd00000)
  to   space 8704K, 0% used [0x00000000eaf00000,0x00000000eaf00000,0x00000000eb780000)
 ParOldGen       total 692224K, used 691840K [0x00000000c0000000, 0x00000000ea400000, 0x00000000eab00000)
  object space 692224K, 99% used [0x00000000c0000000,0x00000000ea3a0290,0x00000000ea400000)
 Metaspace       used 85415K, committed 87104K, reserved 1179648K
  class space    used 8436K, committed 9280K, reserved 1048576K
}
Event: 1863.746 GC heap after
{Heap after GC invocations=2183 (full 5):
 PSYoungGen      total 6656K, used 2526K [0x00000000eab00000, 0x00000000eb800000, 0x0000000100000000)
  eden space 4096K, 0% used [0x00000000eab00000,0x00000000eab00000,0x00000000eaf00000)
  from space 2560K, 98% used [0x00000000eaf00000,0x00000000eb177800,0x00000000eb180000)
  to   space 4608K, 0% used [0x00000000eb380000,0x00000000eb380000,0x00000000eb800000)
 ParOldGen       total 697856K, used 697528K [0x00000000c0000000, 0x00000000ea980000, 0x00000000eab00000)
  object space 697856K, 99% used [0x00000000c0000000,0x00000000ea92e290,0x00000000ea980000)
 Metaspace       used 85415K, committed 87104K, reserved 1179648K
  class space    used 8436K, committed 9280K, reserved 1048576K
}
Event: 1863.781 GC heap before
{Heap before GC invocations=2184 (full 6):
 PSYoungGen      total 6656K, used 6559K [0x00000000eab00000, 0x00000000eb800000, 0x0000000100000000)
  eden space 4096K, 98% used [0x00000000eab00000,0x00000000eaef0418,0x00000000eaf00000)
  from space 2560K, 98% used [0x00000000eaf00000,0x00000000eb177800,0x00000000eb180000)
  to   space 4608K, 0% used [0x00000000eb380000,0x00000000eb380000,0x00000000eb800000)
 ParOldGen       total 697856K, used 697528K [0x00000000c0000000, 0x00000000ea980000, 0x00000000eab00000)
  object space 697856K, 99% used [0x00000000c0000000,0x00000000ea92e290,0x00000000ea980000)
 Metaspace       used 85415K, committed 87104K, reserved 1179648K
  class space    used 8436K, committed 9280K, reserved 1048576K
}

Dll operation events (12 events):
Event: 0.015 Loaded shared library c:\Users\DAYANA\.vscode\extensions\redhat.java-1.41.1-win32-x64\jre\21.0.6-win32-x86_64\bin\java.dll
Event: 0.282 Loaded shared library c:\Users\DAYANA\.vscode\extensions\redhat.java-1.41.1-win32-x64\jre\21.0.6-win32-x86_64\bin\zip.dll
Event: 0.430 Loaded shared library C:\Users\DAYANA\.vscode\extensions\redhat.java-1.41.1-win32-x64\jre\21.0.6-win32-x86_64\bin\instrument.dll
Event: 0.455 Loaded shared library C:\Users\DAYANA\.vscode\extensions\redhat.java-1.41.1-win32-x64\jre\21.0.6-win32-x86_64\bin\net.dll
Event: 0.459 Loaded shared library C:\Users\DAYANA\.vscode\extensions\redhat.java-1.41.1-win32-x64\jre\21.0.6-win32-x86_64\bin\nio.dll
Event: 0.468 Loaded shared library C:\Users\DAYANA\.vscode\extensions\redhat.java-1.41.1-win32-x64\jre\21.0.6-win32-x86_64\bin\zip.dll
Event: 0.554 Loaded shared library C:\Users\DAYANA\.vscode\extensions\redhat.java-1.41.1-win32-x64\jre\21.0.6-win32-x86_64\bin\jimage.dll
Event: 0.938 Loaded shared library c:\Users\DAYANA\.vscode\extensions\redhat.java-1.41.1-win32-x64\jre\21.0.6-win32-x86_64\bin\verify.dll
Event: 13.836 Loaded shared library C:\Users\DAYANA\AppData\Roaming\Code\User\globalStorage\redhat.java\1.41.1\config_win\org.eclipse.equinox.launcher\org.eclipse.equinox.launcher.win32.win32.x86_64_1.2.1300.v20250331-1702\eclipse_11911.dll
Event: 36.060 Loaded shared library C:\Users\DAYANA\AppData\Local\Temp\jna-2009527480\jna11190043104315378150.dll
Event: 135.056 Loaded shared library C:\Users\DAYANA\.vscode\extensions\redhat.java-1.41.1-win32-x64\jre\21.0.6-win32-x86_64\bin\sunmscapi.dll
Event: 147.265 Loaded shared library C:\Users\DAYANA\.vscode\extensions\redhat.java-1.41.1-win32-x64\jre\21.0.6-win32-x86_64\bin\extnet.dll

Deoptimization events (20 events):
Event: 1853.355 Thread 0x0000027c173e4d90 Uncommon trap: trap_request=0xffffff45 fr.pc=0x0000027bc799f4c0 relative=0x0000000000000b60
Event: 1853.355 Thread 0x0000027c173e4d90 Uncommon trap: reason=unstable_if action=reinterpret pc=0x0000027bc799f4c0 method=java.util.concurrent.ConcurrentHashMap.putVal(Ljava/lang/Object;Ljava/lang/Object;Z)Ljava/lang/Object; @ 202 c2
Event: 1853.355 Thread 0x0000027c173e4d90 DEOPT PACKING pc=0x0000027bc799f4c0 sp=0x000000aad78fe560
Event: 1853.355 Thread 0x0000027c173e4d90 DEOPT UNPACKING pc=0x0000027bc65a3aa2 sp=0x000000aad78fe4d8 mode 2
Event: 1856.712 Thread 0x0000027c173e6e60 Uncommon trap: trap_request=0xffffff6e fr.pc=0x0000027bc77ccc18 relative=0x0000000000005a58
Event: 1856.712 Thread 0x0000027c173e6e60 Uncommon trap: reason=loop_limit_check action=maybe_recompile pc=0x0000027bc77ccc18 method=org.eclipse.jdt.internal.compiler.lookup.BinaryTypeBinding.getMethods([C)[Lorg/eclipse/jdt/internal/compiler/lookup/MethodBinding; @ 227 c2
Event: 1856.712 Thread 0x0000027c173e6e60 DEOPT PACKING pc=0x0000027bc77ccc18 sp=0x000000aad7cfdb30
Event: 1856.712 Thread 0x0000027c173e6e60 DEOPT UNPACKING pc=0x0000027bc65a3aa2 sp=0x000000aad7cfd9f8 mode 2
Event: 1856.723 Thread 0x0000027c173e6e60 Uncommon trap: trap_request=0xffffffe4 fr.pc=0x0000027bc76cc31c relative=0x00000000000001dc
Event: 1856.723 Thread 0x0000027c173e6e60 Uncommon trap: reason=range_check action=make_not_entrant pc=0x0000027bc76cc31c method=org.eclipse.jdt.internal.compiler.lookup.Scope.getBaseType([C)Lorg/eclipse/jdt/internal/compiler/lookup/TypeBinding; @ 16 c2
Event: 1856.723 Thread 0x0000027c173e6e60 DEOPT PACKING pc=0x0000027bc76cc31c sp=0x000000aad7cfda50
Event: 1856.724 Thread 0x0000027c173e6e60 DEOPT UNPACKING pc=0x0000027bc65a3aa2 sp=0x000000aad7cfd9d8 mode 2
Event: 1857.058 Thread 0x0000027c16d5df10 Uncommon trap: trap_request=0xffffff6e fr.pc=0x0000027bc6ffc07c relative=0x000000000000037c
Event: 1857.058 Thread 0x0000027c16d5df10 Uncommon trap: reason=loop_limit_check action=maybe_recompile pc=0x0000027bc6ffc07c method=org.eclipse.jdt.internal.core.util.CommentRecorderParser.flushCommentsDefinedPriorTo(I)I @ 56 c2
Event: 1857.058 Thread 0x0000027c16d5df10 DEOPT PACKING pc=0x0000027bc6ffc07c sp=0x000000aad7bfdcb0
Event: 1857.058 Thread 0x0000027c16d5df10 DEOPT UNPACKING pc=0x0000027bc65a3aa2 sp=0x000000aad7bfdc40 mode 2
Event: 1857.417 Thread 0x0000027c16d5df10 Uncommon trap: trap_request=0xfffffff4 fr.pc=0x0000027bc70ac824 relative=0x00000000000002c4
Event: 1857.417 Thread 0x0000027c16d5df10 Uncommon trap: reason=null_check action=make_not_entrant pc=0x0000027bc70ac824 method=java.lang.Class.reflectionData()Ljava/lang/Class$ReflectionData; @ 18 c2
Event: 1857.417 Thread 0x0000027c16d5df10 DEOPT PACKING pc=0x0000027bc70ac824 sp=0x000000aad7bfcf60
Event: 1857.417 Thread 0x0000027c16d5df10 DEOPT UNPACKING pc=0x0000027bc65a3aa2 sp=0x000000aad7bfce88 mode 2

Classes loaded (20 events):
Event: 1407.289 Loading class java/util/stream/ReduceOps$CountingSink done
Event: 1407.289 Loading class java/util/stream/ReduceOps$CountingSink$OfRef done
Event: 1408.150 Loading class jdk/internal/module/IllegalAccessLogger
Event: 1408.150 Loading class jdk/internal/module/IllegalAccessLogger done
Event: 1772.039 Loading class jdk/internal/module/IllegalAccessLogger
Event: 1772.039 Loading class jdk/internal/module/IllegalAccessLogger done
Event: 1773.571 Loading class jdk/internal/module/IllegalAccessLogger
Event: 1773.571 Loading class jdk/internal/module/IllegalAccessLogger done
Event: 1780.366 Loading class jdk/internal/module/IllegalAccessLogger
Event: 1780.366 Loading class jdk/internal/module/IllegalAccessLogger done
Event: 1782.510 Loading class jdk/internal/module/IllegalAccessLogger
Event: 1782.510 Loading class jdk/internal/module/IllegalAccessLogger done
Event: 1850.390 Loading class jdk/internal/module/IllegalAccessLogger
Event: 1850.390 Loading class jdk/internal/module/IllegalAccessLogger done
Event: 1853.084 Loading class java/util/concurrent/ConcurrentHashMap$TreeNode
Event: 1853.090 Loading class java/util/concurrent/ConcurrentHashMap$TreeNode done
Event: 1853.090 Loading class java/util/concurrent/ConcurrentHashMap$TreeBin
Event: 1853.091 Loading class java/util/concurrent/ConcurrentHashMap$TreeBin done
Event: 1857.223 Loading class jdk/internal/module/IllegalAccessLogger
Event: 1857.223 Loading class jdk/internal/module/IllegalAccessLogger done

Classes unloaded (20 events):
Event: 1774.268 Thread 0x0000027bd01295a0 Unloading class 0x0000027bd2019800 'java/lang/invoke/LambdaForm$MH+0x0000027bd2019800'
Event: 1774.268 Thread 0x0000027bd01295a0 Unloading class 0x0000027bd2018400 'java/lang/invoke/LambdaForm$MH+0x0000027bd2018400'
Event: 1774.268 Thread 0x0000027bd01295a0 Unloading class 0x0000027bd200d800 'java/lang/invoke/LambdaForm$MH+0x0000027bd200d800'
Event: 1774.268 Thread 0x0000027bd01295a0 Unloading class 0x0000027bd200d400 'java/lang/invoke/LambdaForm$MH+0x0000027bd200d400'
Event: 1774.268 Thread 0x0000027bd01295a0 Unloading class 0x0000027bd200d000 'java/lang/invoke/LambdaForm$MH+0x0000027bd200d000'
Event: 1774.268 Thread 0x0000027bd01295a0 Unloading class 0x0000027bd200cc00 'java/lang/invoke/LambdaForm$MH+0x0000027bd200cc00'
Event: 1774.268 Thread 0x0000027bd01295a0 Unloading class 0x0000027bd200c800 'java/lang/invoke/LambdaForm$BMH+0x0000027bd200c800'
Event: 1774.268 Thread 0x0000027bd01295a0 Unloading class 0x0000027bd200c000 'java/lang/invoke/LambdaForm$DMH+0x0000027bd200c000'
Event: 1774.269 Thread 0x0000027bd01295a0 Unloading class 0x0000027bd2008400 'java/lang/invoke/LambdaForm$MH+0x0000027bd2008400'
Event: 1774.269 Thread 0x0000027bd01295a0 Unloading class 0x0000027bd2008000 'java/lang/invoke/LambdaForm$MH+0x0000027bd2008000'
Event: 1774.269 Thread 0x0000027bd01295a0 Unloading class 0x0000027bd2007c00 'java/lang/invoke/LambdaForm$MH+0x0000027bd2007c00'
Event: 1774.269 Thread 0x0000027bd01295a0 Unloading class 0x0000027bd2006800 'java/lang/invoke/LambdaForm$MH+0x0000027bd2006800'
Event: 1774.269 Thread 0x0000027bd01295a0 Unloading class 0x0000027bd2006000 'java/lang/invoke/LambdaForm$MH+0x0000027bd2006000'
Event: 1774.269 Thread 0x0000027bd01295a0 Unloading class 0x0000027bd2005c00 'java/lang/invoke/LambdaForm$MH+0x0000027bd2005c00'
Event: 1774.269 Thread 0x0000027bd01295a0 Unloading class 0x0000027bd2005800 'java/lang/invoke/LambdaForm$MH+0x0000027bd2005800'
Event: 1774.269 Thread 0x0000027bd01295a0 Unloading class 0x0000027bd2005400 'java/lang/invoke/LambdaForm$BMH+0x0000027bd2005400'
Event: 1774.269 Thread 0x0000027bd01295a0 Unloading class 0x0000027bd2004000 'java/lang/invoke/LambdaForm$DMH+0x0000027bd2004000'
Event: 1774.269 Thread 0x0000027bd01295a0 Unloading class 0x0000027bd2002400 'java/lang/invoke/LambdaForm$MH+0x0000027bd2002400'
Event: 1774.269 Thread 0x0000027bd01295a0 Unloading class 0x0000027bd2002000 'java/lang/invoke/LambdaForm$MH+0x0000027bd2002000'
Event: 1774.269 Thread 0x0000027bd01295a0 Unloading class 0x0000027bd2001800 'java/lang/invoke/LambdaForm$MH+0x0000027bd2001800'

Classes redefined (0 events):
No events

Internal exceptions (20 events):
Event: 1771.713 Thread 0x0000027c16c56720 Exception <a 'sun/nio/fs/WindowsException'{0x00000000ead18ce0}> (0x00000000ead18ce0) 
thrown [s\src\hotspot\share\prims\jni.cpp, line 520]
Event: 1772.416 Thread 0x0000027c16c56720 Exception <a 'sun/nio/fs/WindowsException'{0x00000000eab16090}> (0x00000000eab16090) 
thrown [s\src\hotspot\share\prims\jni.cpp, line 520]
Event: 1772.812 Thread 0x0000027c16d5df10 Exception <a 'java/lang/NoSuchMethodError'{0x00000000eabf7250}: 'java.lang.Object java.lang.invoke.DirectMethodHandle$Holder.invokeStatic(java.lang.Object, int, java.lang.Object, java.lang.Object, java.lang.Object, java.lang.Object)'> (0x00000000eabf7250) 
thrown [s\src\hotspot\share\interpreter\linkResolver.cpp, line 773]
Event: 1772.819 Thread 0x0000027c16d5df10 Exception <a 'java/lang/NoSuchMethodError'{0x00000000eac659b8}: 'java.lang.Object java.lang.invoke.DirectMethodHandle$Holder.newInvokeSpecial(java.lang.Object, int, java.lang.Object, java.lang.Object, java.lang.Object)'> (0x00000000eac659b8) 
thrown [s\src\hotspot\share\interpreter\linkResolver.cpp, line 773]
Event: 1775.475 Thread 0x0000027c16c56720 Exception <a 'sun/nio/fs/WindowsException'{0x00000000eac4ecc0}> (0x00000000eac4ecc0) 
thrown [s\src\hotspot\share\prims\jni.cpp, line 520]
Event: 1775.837 Thread 0x0000027c16c56720 Exception <a 'sun/nio/fs/WindowsException'{0x00000000eab1a548}> (0x00000000eab1a548) 
thrown [s\src\hotspot\share\prims\jni.cpp, line 520]
Event: 1778.315 Thread 0x0000027c173e6140 Exception <a 'java/lang/IncompatibleClassChangeError'{0x00000000eaf44628}: Found class java.lang.Object, but interface was expected> (0x00000000eaf44628) 
thrown [s\src\hotspot\share\interpreter\linkResolver.cpp, line 840]
Event: 1778.757 Thread 0x0000027c173e6140 Implicit null exception at 0x0000027bc77b8e9a to 0x0000027bc77b9380
Event: 1778.757 Thread 0x0000027c173e6140 Implicit null exception at 0x0000027bc7799db9 to 0x0000027bc7799fe0
Event: 1778.757 Thread 0x0000027c173e6140 Implicit null exception at 0x0000027bc6d8ee8e to 0x0000027bc6d8ef35
Event: 1779.290 Thread 0x0000027c16d5df10 Implicit null exception at 0x0000027bc76adf27 to 0x0000027bc76b0b50
Event: 1779.877 Thread 0x0000027c173e6140 Exception <a 'java/lang/ClassNotFoundException'{0x00000000eada19c0}: sun/util/logging/resources/spi/loggingProvider> (0x00000000eada19c0) 
thrown [s\src\hotspot\share\classfile\systemDictionary.cpp, line 312]
Event: 1780.008 Thread 0x0000027c16c56720 Exception <a 'sun/nio/fs/WindowsException'{0x00000000eaf1c6f0}> (0x00000000eaf1c6f0) 
thrown [s\src\hotspot\share\prims\jni.cpp, line 520]
Event: 1780.802 Thread 0x0000027c16c56720 Exception <a 'sun/nio/fs/WindowsException'{0x00000000eab3d108}> (0x00000000eab3d108) 
thrown [s\src\hotspot\share\prims\jni.cpp, line 520]
Event: 1850.162 Thread 0x0000027c16c56720 Exception <a 'sun/nio/fs/WindowsException'{0x00000000eabbaee8}> (0x00000000eabbaee8) 
thrown [s\src\hotspot\share\prims\jni.cpp, line 520]
Event: 1850.675 Thread 0x0000027c16c56720 Exception <a 'sun/nio/fs/WindowsException'{0x00000000eab0f360}> (0x00000000eab0f360) 
thrown [s\src\hotspot\share\prims\jni.cpp, line 520]
Event: 1856.961 Thread 0x0000027c16c56720 Exception <a 'sun/nio/fs/WindowsException'{0x00000000eab4b248}> (0x00000000eab4b248) 
thrown [s\src\hotspot\share\prims\jni.cpp, line 520]
Event: 1857.417 Thread 0x0000027c16d5df10 Implicit null exception at 0x0000027bc70ac5b5 to 0x0000027bc70ac804
Event: 1857.522 Thread 0x0000027c16c56720 Exception <a 'sun/nio/fs/WindowsException'{0x00000000eaeab0e8}> (0x00000000eaeab0e8) 
thrown [s\src\hotspot\share\prims\jni.cpp, line 520]
Event: 1863.629 Thread 0x0000027c16c56720 Exception <a 'sun/nio/fs/WindowsException'{0x00000000eac35a40}> (0x00000000eac35a40) 
thrown [s\src\hotspot\share\prims\jni.cpp, line 520]

ZGC Phase Switch (0 events):
No events

VM Operations (20 events):
Event: 1858.518 Executing VM operation: ParallelGCFailedAllocation (Allocation Failure) done
Event: 1858.840 Executing VM operation: ParallelGCFailedAllocation (Allocation Failure)
Event: 1858.844 Executing VM operation: ParallelGCFailedAllocation (Allocation Failure) done
Event: 1859.847 Executing VM operation: Cleanup
Event: 1859.847 Executing VM operation: Cleanup done
Event: 1861.851 Executing VM operation: Cleanup
Event: 1861.851 Executing VM operation: Cleanup done
Event: 1862.660 Executing VM operation: ParallelGCFailedAllocation (Allocation Failure)
Event: 1862.663 Executing VM operation: ParallelGCFailedAllocation (Allocation Failure) done
Event: 1863.312 Executing VM operation: ParallelGCFailedAllocation (Allocation Failure)
Event: 1863.318 Executing VM operation: ParallelGCFailedAllocation (Allocation Failure) done
Event: 1863.587 Executing VM operation: ParallelGCFailedAllocation (Allocation Failure)
Event: 1863.589 Executing VM operation: ParallelGCFailedAllocation (Allocation Failure) done
Event: 1863.653 Executing VM operation: ParallelGCFailedAllocation (Allocation Failure)
Event: 1863.659 Executing VM operation: ParallelGCFailedAllocation (Allocation Failure) done
Event: 1863.690 Executing VM operation: ParallelGCFailedAllocation (Allocation Failure)
Event: 1863.701 Executing VM operation: ParallelGCFailedAllocation (Allocation Failure) done
Event: 1863.735 Executing VM operation: ParallelGCFailedAllocation (Allocation Failure)
Event: 1863.746 Executing VM operation: ParallelGCFailedAllocation (Allocation Failure) done
Event: 1863.781 Executing VM operation: ParallelGCFailedAllocation (Allocation Failure)

Memory protections (0 events):
No events

Nmethod flushes (20 events):
Event: 1864.057 Thread 0x0000027bd01295a0 flushing  nmethod 0x0000027bc1768010
Event: 1864.057 Thread 0x0000027bd01295a0 flushing  nmethod 0x0000027bc1784690
Event: 1864.057 Thread 0x0000027bd01295a0 flushing  nmethod 0x0000027bc17b0510
Event: 1864.057 Thread 0x0000027bd01295a0 flushing  nmethod 0x0000027bc17e9310
Event: 1864.057 Thread 0x0000027bd01295a0 flushing  nmethod 0x0000027bc17f9490
Event: 1864.057 Thread 0x0000027bd01295a0 flushing  nmethod 0x0000027bc1815190
Event: 1864.057 Thread 0x0000027bd01295a0 flushing  nmethod 0x0000027bc1826690
Event: 1864.057 Thread 0x0000027bd01295a0 flushing  nmethod 0x0000027bc1832490
Event: 1864.057 Thread 0x0000027bd01295a0 flushing  nmethod 0x0000027bc183af10
Event: 1864.057 Thread 0x0000027bd01295a0 flushing  nmethod 0x0000027bc1841310
Event: 1864.057 Thread 0x0000027bd01295a0 flushing  nmethod 0x0000027bc1855290
Event: 1864.057 Thread 0x0000027bd01295a0 flushing  nmethod 0x0000027bc1861b10
Event: 1864.057 Thread 0x0000027bd01295a0 flushing  nmethod 0x0000027bc18a3e90
Event: 1864.057 Thread 0x0000027bd01295a0 flushing  nmethod 0x0000027bc18aa010
Event: 1864.057 Thread 0x0000027bd01295a0 flushing  nmethod 0x0000027bc18c6890
Event: 1864.057 Thread 0x0000027bd01295a0 flushing  nmethod 0x0000027bc18d3090
Event: 1864.057 Thread 0x0000027bd01295a0 flushing  nmethod 0x0000027bc18fd890
Event: 1864.057 Thread 0x0000027bd01295a0 flushing  nmethod 0x0000027bc1968110
Event: 1864.057 Thread 0x0000027bd01295a0 flushing  nmethod 0x0000027bc1968a10
Event: 1864.057 Thread 0x0000027bd01295a0 flushing  nmethod 0x0000027bc1a05d10

Events (20 events):
Event: 1771.922 Thread 0x0000027c173e4700 Thread added: 0x0000027c16d5e5a0
Event: 1771.923 Thread 0x0000027c173e4700 Thread added: 0x0000027c16d61a20
Event: 1772.041 Thread 0x0000027c173e4700 Thread added: 0x0000027c16d62dd0
Event: 1772.641 Thread 0x0000027bd01ca420 Thread added: 0x0000027c1956f100
Event: 1773.456 Thread 0x0000027c1956f100 Thread exited: 0x0000027c1956f100
Event: 1773.497 Thread 0x0000027bd01ca420 Thread added: 0x0000027c1956a610
Event: 1775.376 Thread 0x0000027c173e4700 Thread added: 0x0000027c16c56090
Event: 1775.841 Thread 0x0000027c1956a610 Thread exited: 0x0000027c1956a610
Event: 1776.690 Thread 0x0000027c16d61390 Thread added: 0x0000027c16c54650
Event: 1837.773 Thread 0x0000027bd014ff70 Thread added: 0x0000027c18e4ced0
Event: 1839.186 Thread 0x0000027c18e4ced0 Thread exited: 0x0000027c18e4ced0
Event: 1842.527 Thread 0x0000027c16d62dd0 Thread exited: 0x0000027c16d62dd0
Event: 1848.548 Thread 0x0000027c16c54650 Thread exited: 0x0000027c16c54650
Event: 1849.140 Thread 0x0000027c173e4700 Thread exited: 0x0000027c173e4700
Event: 1849.975 Thread 0x0000027c16c56090 Thread exited: 0x0000027c16c56090
Event: 1850.320 Thread 0x0000027bd01ca420 Thread added: 0x0000027c18e4ced0
Event: 1850.391 Thread 0x0000027c173e6e60 Thread added: 0x0000027c173e4700
Event: 1850.696 Thread 0x0000027c18e4ced0 Thread exited: 0x0000027c18e4ced0
Event: 1850.824 Thread 0x0000027c16d61390 Thread added: 0x0000027c173e3350
Event: 1857.593 Thread 0x0000027c173e6e60 Thread added: 0x0000027c173e5ab0


Dynamic libraries:
0x00007ff685ee0000 - 0x00007ff685eee000 	c:\Users\DAYANA\.vscode\extensions\redhat.java-1.41.1-win32-x64\jre\21.0.6-win32-x86_64\bin\java.exe
0x00007ffc5e930000 - 0x00007ffc5eb28000 	C:\Windows\SYSTEM32\ntdll.dll
0x00007ffc5ca40000 - 0x00007ffc5cb02000 	C:\Windows\System32\KERNEL32.DLL
0x00007ffc5c1b0000 - 0x00007ffc5c4a6000 	C:\Windows\System32\KERNELBASE.dll
0x00007ffc5c030000 - 0x00007ffc5c130000 	C:\Windows\System32\ucrtbase.dll
0x00007ffc46550000 - 0x00007ffc46568000 	c:\Users\DAYANA\.vscode\extensions\redhat.java-1.41.1-win32-x64\jre\21.0.6-win32-x86_64\bin\jli.dll
0x00007ffc5d480000 - 0x00007ffc5d61d000 	C:\Windows\System32\USER32.dll
0x00007ffc5bfd0000 - 0x00007ffc5bff2000 	C:\Windows\System32\win32u.dll
0x00007ffc5c960000 - 0x00007ffc5c98b000 	C:\Windows\System32\GDI32.dll
0x00007ffc5c590000 - 0x00007ffc5c6aa000 	C:\Windows\System32\gdi32full.dll
0x00007ffc5c8c0000 - 0x00007ffc5c95d000 	C:\Windows\System32\msvcp_win.dll
0x00007ffc55cf0000 - 0x00007ffc55d0e000 	c:\Users\DAYANA\.vscode\extensions\redhat.java-1.41.1-win32-x64\jre\21.0.6-win32-x86_64\bin\VCRUNTIME140.dll
0x00007ffc5b310000 - 0x00007ffc5b5aa000 	C:\Windows\WinSxS\amd64_microsoft.windows.common-controls_6595b64144ccf1df_6.0.19041.5794_none_60bcd33171f2783c\COMCTL32.dll
0x00007ffc5cd10000 - 0x00007ffc5cdae000 	C:\Windows\System32\msvcrt.dll
0x00007ffc5cdf0000 - 0x00007ffc5ce1f000 	C:\Windows\System32\IMM32.DLL
0x00007ffc48510000 - 0x00007ffc4851c000 	c:\Users\DAYANA\.vscode\extensions\redhat.java-1.41.1-win32-x64\jre\21.0.6-win32-x86_64\bin\vcruntime140_1.dll
0x00007ffc23ba0000 - 0x00007ffc23c2d000 	c:\Users\DAYANA\.vscode\extensions\redhat.java-1.41.1-win32-x64\jre\21.0.6-win32-x86_64\bin\msvcp140.dll
0x00007ffc22e10000 - 0x00007ffc23ba0000 	c:\Users\DAYANA\.vscode\extensions\redhat.java-1.41.1-win32-x64\jre\21.0.6-win32-x86_64\bin\server\jvm.dll
0x00007ffc5e5d0000 - 0x00007ffc5e67f000 	C:\Windows\System32\ADVAPI32.dll
0x00007ffc5cb10000 - 0x00007ffc5cbaf000 	C:\Windows\System32\sechost.dll
0x00007ffc5ce20000 - 0x00007ffc5cf43000 	C:\Windows\System32\RPCRT4.dll
0x00007ffc5c000000 - 0x00007ffc5c027000 	C:\Windows\System32\bcrypt.dll
0x00007ffc5d680000 - 0x00007ffc5d6eb000 	C:\Windows\System32\WS2_32.dll
0x00007ffc5be30000 - 0x00007ffc5be7b000 	C:\Windows\SYSTEM32\POWRPROF.dll
0x00007ffc4bd30000 - 0x00007ffc4bd57000 	C:\Windows\SYSTEM32\WINMM.dll
0x00007ffc59090000 - 0x00007ffc5909a000 	C:\Windows\SYSTEM32\VERSION.dll
0x00007ffc5be10000 - 0x00007ffc5be22000 	C:\Windows\SYSTEM32\UMPDC.dll
0x00007ffc59920000 - 0x00007ffc59932000 	C:\Windows\SYSTEM32\kernel.appcore.dll
0x00007ffc47470000 - 0x00007ffc4747a000 	c:\Users\DAYANA\.vscode\extensions\redhat.java-1.41.1-win32-x64\jre\21.0.6-win32-x86_64\bin\jimage.dll
0x00007ffc5b8b0000 - 0x00007ffc5bab1000 	C:\Windows\SYSTEM32\DBGHELP.DLL
0x00007ffc5b6c0000 - 0x00007ffc5b6f4000 	C:\Windows\SYSTEM32\dbgcore.DLL
0x00007ffc5c4b0000 - 0x00007ffc5c532000 	C:\Windows\System32\bcryptPrimitives.dll
0x00007ffc41aa0000 - 0x00007ffc41aaf000 	c:\Users\DAYANA\.vscode\extensions\redhat.java-1.41.1-win32-x64\jre\21.0.6-win32-x86_64\bin\instrument.dll
0x00007ffc22df0000 - 0x00007ffc22e0f000 	c:\Users\DAYANA\.vscode\extensions\redhat.java-1.41.1-win32-x64\jre\21.0.6-win32-x86_64\bin\java.dll
0x00007ffc5d820000 - 0x00007ffc5df8e000 	C:\Windows\System32\SHELL32.dll
0x00007ffc599b0000 - 0x00007ffc5a153000 	C:\Windows\SYSTEM32\windows.storage.dll
0x00007ffc5e1e0000 - 0x00007ffc5e533000 	C:\Windows\System32\combase.dll
0x00007ffc5b270000 - 0x00007ffc5b29b000 	C:\Windows\SYSTEM32\Wldp.dll
0x00007ffc5e110000 - 0x00007ffc5e1dd000 	C:\Windows\System32\OLEAUT32.dll
0x00007ffc5cf50000 - 0x00007ffc5cffd000 	C:\Windows\System32\SHCORE.dll
0x00007ffc5e890000 - 0x00007ffc5e8e5000 	C:\Windows\System32\shlwapi.dll
0x00007ffc5bf00000 - 0x00007ffc5bf25000 	C:\Windows\SYSTEM32\profapi.dll
0x00007ffc55ea0000 - 0x00007ffc55eb8000 	c:\Users\DAYANA\.vscode\extensions\redhat.java-1.41.1-win32-x64\jre\21.0.6-win32-x86_64\bin\zip.dll
0x00007ffc41740000 - 0x00007ffc41750000 	C:\Users\DAYANA\.vscode\extensions\redhat.java-1.41.1-win32-x64\jre\21.0.6-win32-x86_64\bin\net.dll
0x00007ffc54cf0000 - 0x00007ffc54dfa000 	C:\Windows\SYSTEM32\WINHTTP.dll
0x00007ffc5af80000 - 0x00007ffc5afec000 	C:\Windows\system32\mswsock.dll
0x00007ffc22da0000 - 0x00007ffc22db6000 	C:\Users\DAYANA\.vscode\extensions\redhat.java-1.41.1-win32-x64\jre\21.0.6-win32-x86_64\bin\nio.dll
0x00007ffc3fad0000 - 0x00007ffc3fae0000 	c:\Users\DAYANA\.vscode\extensions\redhat.java-1.41.1-win32-x64\jre\21.0.6-win32-x86_64\bin\verify.dll
0x00007ffc23c60000 - 0x00007ffc23ca5000 	C:\Users\DAYANA\AppData\Roaming\Code\User\globalStorage\redhat.java\1.41.1\config_win\org.eclipse.equinox.launcher\org.eclipse.equinox.launcher.win32.win32.x86_64_1.2.1300.v20250331-1702\eclipse_11911.dll
0x00007ffc5d6f0000 - 0x00007ffc5d81b000 	C:\Windows\System32\ole32.dll
0x00007ffc5bc70000 - 0x00007ffc5bc88000 	C:\Windows\SYSTEM32\CRYPTSP.dll
0x00007ffc5a940000 - 0x00007ffc5a978000 	C:\Windows\system32\rsaenh.dll
0x00007ffc5bec0000 - 0x00007ffc5beee000 	C:\Windows\SYSTEM32\USERENV.dll
0x00007ffc5b150000 - 0x00007ffc5b15c000 	C:\Windows\SYSTEM32\CRYPTBASE.dll
0x00007ffc5aca0000 - 0x00007ffc5acdb000 	C:\Windows\SYSTEM32\IPHLPAPI.DLL
0x00007ffc5cdd0000 - 0x00007ffc5cdd8000 	C:\Windows\System32\NSI.dll
0x00007ffc53050000 - 0x00007ffc53099000 	C:\Users\DAYANA\AppData\Local\Temp\jna-2009527480\jna11190043104315378150.dll
0x00007ffc5d470000 - 0x00007ffc5d478000 	C:\Windows\System32\PSAPI.DLL
0x00007ffc55110000 - 0x00007ffc55127000 	C:\Windows\SYSTEM32\dhcpcsvc6.DLL
0x00007ffc559a0000 - 0x00007ffc559bd000 	C:\Windows\SYSTEM32\dhcpcsvc.DLL
0x00007ffc5bc30000 - 0x00007ffc5bc63000 	C:\Windows\SYSTEM32\ntmarta.dll
0x00007ffc48500000 - 0x00007ffc4850e000 	C:\Users\DAYANA\.vscode\extensions\redhat.java-1.41.1-win32-x64\jre\21.0.6-win32-x86_64\bin\sunmscapi.dll
0x00007ffc5c760000 - 0x00007ffc5c8bd000 	C:\Windows\System32\CRYPT32.dll
0x00007ffc5b2e0000 - 0x00007ffc5b307000 	C:\Windows\SYSTEM32\ncrypt.dll
0x00007ffc5b2a0000 - 0x00007ffc5b2db000 	C:\Windows\SYSTEM32\NTASN1.dll
0x00007ffc5ace0000 - 0x00007ffc5adaa000 	C:\Windows\SYSTEM32\DNSAPI.dll
0x00007ffc4d560000 - 0x00007ffc4d56a000 	C:\Windows\System32\rasadhlp.dll
0x00007ffc4d580000 - 0x00007ffc4d600000 	C:\Windows\System32\fwpuclnt.dll
0x00007ffc473b0000 - 0x00007ffc473b9000 	C:\Users\DAYANA\.vscode\extensions\redhat.java-1.41.1-win32-x64\jre\21.0.6-win32-x86_64\bin\extnet.dll

dbghelp: loaded successfully - version: 4.0.5 - missing functions: none
symbol engine: initialized successfully - sym options: 0x614 - pdb path: .;c:\Users\DAYANA\.vscode\extensions\redhat.java-1.41.1-win32-x64\jre\21.0.6-win32-x86_64\bin;C:\Windows\SYSTEM32;C:\Windows\WinSxS\amd64_microsoft.windows.common-controls_6595b64144ccf1df_6.0.19041.5794_none_60bcd33171f2783c;c:\Users\DAYANA\.vscode\extensions\redhat.java-1.41.1-win32-x64\jre\21.0.6-win32-x86_64\bin\server;C:\Users\DAYANA\AppData\Roaming\Code\User\globalStorage\redhat.java\1.41.1\config_win\org.eclipse.equinox.launcher\org.eclipse.equinox.launcher.win32.win32.x86_64_1.2.1300.v20250331-1702;C:\Users\DAYANA\AppData\Local\Temp\jna-2009527480

VM Arguments:
jvm_args: --add-modules=ALL-SYSTEM --add-opens=java.base/java.util=ALL-UNNAMED --add-opens=java.base/java.lang=ALL-UNNAMED --add-opens=java.base/sun.nio.fs=ALL-UNNAMED -Declipse.application=org.eclipse.jdt.ls.core.id1 -Dosgi.bundles.defaultStartLevel=4 -Declipse.product=org.eclipse.jdt.ls.core.product -Djava.import.generatesMetadataFilesAtProjectRoot=false -DDetectVMInstallationsJob.disabled=true -Dfile.encoding=utf8 -XX:+UseParallelGC -XX:GCTimeRatio=4 -XX:AdaptiveSizePolicyWeight=90 -Dsun.zip.disableMemoryMapping=true -Xmx1G -Xms100m -Xlog:disable -javaagent:c:\Users\DAYANA\.vscode\extensions\redhat.java-1.41.1-win32-x64\lombok\lombok-1.18.36.jar -XX:+HeapDumpOnOutOfMemoryError -XX:HeapDumpPath=c:\Users\DAYANA\AppData\Roaming\Code\User\workspaceStorage\d00461c4e03b34ac6bee19f1a4ea0c3f\redhat.java -Daether.dependencyCollector.impl=bf 
java_command: c:\Users\DAYANA\.vscode\extensions\redhat.java-1.41.1-win32-x64\server\plugins\org.eclipse.equinox.launcher_1.7.0.v20250331-1702.jar -configuration c:\Users\DAYANA\AppData\Roaming\Code\User\globalStorage\redhat.java\1.41.1\config_win -data c:\Users\DAYANA\AppData\Roaming\Code\User\workspaceStorage\d00461c4e03b34ac6bee19f1a4ea0c3f\redhat.java\jdt_ws --pipe=\\.\pipe\lsp-617d7a2d468902aa7d8cef8504b9c32a-sock
java_class_path (initial): c:\Users\DAYANA\.vscode\extensions\redhat.java-1.41.1-win32-x64\server\plugins\org.eclipse.equinox.launcher_1.7.0.v20250331-1702.jar
Launcher Type: SUN_STANDARD

[Global flags]
    uintx AdaptiveSizePolicyWeight                 = 90                                        {product} {command line}
     intx CICompilerCount                          = 3                                         {product} {ergonomic}
    uintx GCTimeRatio                              = 4                                         {product} {command line}
     bool HeapDumpOnOutOfMemoryError               = true                                   {manageable} {command line}
    ccstr HeapDumpPath                             = c:\Users\DAYANA\AppData\Roaming\Code\User\workspaceStorage\d00461c4e03b34ac6bee19f1a4ea0c3f\redhat.java         {manageable} {command line}
   size_t InitialHeapSize                          = 104857600                                 {product} {command line}
   size_t MaxHeapSize                              = 1073741824                                {product} {command line}
   size_t MaxNewSize                               = 357564416                                 {product} {ergonomic}
   size_t MinHeapDeltaBytes                        = 524288                                    {product} {ergonomic}
   size_t MinHeapSize                              = 104857600                                 {product} {command line}
   size_t NewSize                                  = 34603008                                  {product} {ergonomic}
    uintx NonNMethodCodeHeapSize                   = 5832780                                {pd product} {ergonomic}
    uintx NonProfiledCodeHeapSize                  = 122912730                              {pd product} {ergonomic}
   size_t OldSize                                  = 70254592                                  {product} {ergonomic}
    uintx ProfiledCodeHeapSize                     = 122912730                              {pd product} {ergonomic}
    uintx ReservedCodeCacheSize                    = 251658240                              {pd product} {ergonomic}
     bool SegmentedCodeCache                       = true                                      {product} {ergonomic}
   size_t SoftMaxHeapSize                          = 1073741824                             {manageable} {ergonomic}
     bool UseCompressedOops                        = true                           {product lp64_product} {ergonomic}
     bool UseLargePagesIndividualAllocation        = false                                  {pd product} {ergonomic}
     bool UseParallelGC                            = true                                      {product} {command line}

Logging:
Log output configuration:
 #0: stdout all=off uptime,level,tags foldmultilines=false
 #1: stderr all=off uptime,level,tags foldmultilines=false

Environment Variables:
JAVA_HOME=C:\Program Files\Eclipse Adoptium\jre-17.0.15.6-hotspot\
PATH=C:\Program Files\Eclipse Adoptium\jre-17.0.15.6-hotspot\bin;C:\Program Files\Eclipse Adoptium\jdk-17.0.15.6-hotspot\bin;C:\Windows\system32;C:\Windows;C:\Windows\System32\Wbem;C:\Windows\System32\WindowsPowerShell\v1.0\;C:\Windows\System32\OpenSSH\;C:\Program Files\Git\cmd;C:\Users\DAYANA\AppData\Local\Microsoft\WindowsApps;C:\Users\DAYANA\AppData\Local\Programs\Microsoft VS Code\bin
USERNAME=DAYANA
OS=Windows_NT
PROCESSOR_IDENTIFIER=Intel64 Family 6 Model 69 Stepping 1, GenuineIntel
TMP=C:\Users\DAYANA\AppData\Local\Temp
TEMP=C:\Users\DAYANA\AppData\Local\Temp




Periodic native trim disabled

---------------  S Y S T E M  ---------------

OS:
 Windows 10 , 64 bit Build 19041 (10.0.19041.5794)
OS uptime: 0 days 0:33 hours

CPU: total 4 (initial active 4) (2 cores per cpu, 2 threads per core) family 6 model 69 stepping 1 microcode 0x25, cx8, cmov, fxsr, ht, mmx, sse, sse2, sse3, ssse3, sse4.1, sse4.2, popcnt, lzcnt, tsc, tscinvbit, avx, avx2, aes, erms, clmul, bmi1, bmi2, fma, vzeroupper, clflush, rdtscp, f16c
Processor Information for the first 4 processors :
  Max Mhz: 1901, Current Mhz: 1900, Mhz Limit: 1881

Memory: 4k page, system-wide physical 4003M (344M free)
TotalPageFile size 7843M (AvailPageFile size 2041M)
current process WorkingSet (physical memory assigned to process): 972M, peak: 977M
current process commit charge ("private bytes"): 1011M, peak: 1024M

vm_info: OpenJDK 64-Bit Server VM (21.0.6+7-LTS) for windows-amd64 JRE (21.0.6+7-LTS), built on 2025-01-21T00:00:00Z by "admin" with MS VC++ 17.7 (VS2022)

END.
